sh: DYToLL_madgraphMLM.sh: No such file or directory
TClass::Init:0: RuntimeWarning: no dictionary for class HepMCEvent is available
TClass::Init:0: RuntimeWarning: no dictionary for class Event is available
TClass::Init:0: RuntimeWarning: no dictionary for class Weight is available
TClass::Init:0: RuntimeWarning: no dictionary for class GenParticle is available
TClass::Init:0: RuntimeWarning: no dictionary for class SortableObject is available
TClass::Init:0: RuntimeWarning: no dictionary for class Vertex is available
TClass::Init:0: RuntimeWarning: no dictionary for class Jet is available
TClass::Init:0: RuntimeWarning: no dictionary for class MissingET is available
TClass::Init:0: RuntimeWarning: no dictionary for class Photon is available
TClass::Init:0: RuntimeWarning: no dictionary for class Electron is available
TClass::Init:0: RuntimeWarning: no dictionary for class Muon is available
TClass::Init:0: RuntimeWarning: no dictionary for class Rho is available
TClass::Init:0: RuntimeWarning: no dictionary for class ScalarHT is available
TClass::Init:0: RuntimeWarning: no dictionary for class HepMCEvent is available
TClass::Init:0: RuntimeWarning: no dictionary for class Event is available
TClass::Init:0: RuntimeWarning: no dictionary for class Weight is available
TClass::Init:0: RuntimeWarning: no dictionary for class GenParticle is available
TClass::Init:0: RuntimeWarning: no dictionary for class SortableObject is available
TClass::Init:0: RuntimeWarning: no dictionary for class Vertex is available
TClass::Init:0: RuntimeWarning: no dictionary for class Jet is available
TClass::Init:0: RuntimeWarning: no dictionary for class MissingET is available
TClass::Init:0: RuntimeWarning: no dictionary for class Photon is available
TClass::Init:0: RuntimeWarning: no dictionary for class Electron is available
TClass::Init:0: RuntimeWarning: no dictionary for class Muon is available
TClass::Init:0: RuntimeWarning: no dictionary for class Rho is available
TClass::Init:0: RuntimeWarning: no dictionary for class ScalarHT is available
TClass::Init:0: RuntimeWarning: no dictionary for class HepMCEvent is available
TClass::Init:0: RuntimeWarning: no dictionary for class Event is available
TClass::Init:0: RuntimeWarning: no dictionary for class Weight is available
TClass::Init:0: RuntimeWarning: no dictionary for class GenParticle is available
TClass::Init:0: RuntimeWarning: no dictionary for class SortableObject is available
TClass::Init:0: RuntimeWarning: no dictionary for class Vertex is available
TClass::Init:0: RuntimeWarning: no dictionary for class Jet is available
TClass::Init:0: RuntimeWarning: no dictionary for class MissingET is available
TClass::Init:0: RuntimeWarning: no dictionary for class Photon is available
TClass::Init:0: RuntimeWarning: no dictionary for class Electron is available
TClass::Init:0: RuntimeWarning: no dictionary for class Muon is available
TClass::Init:0: RuntimeWarning: no dictionary for class Rho is available
TClass::Init:0: RuntimeWarning: no dictionary for class ScalarHT is available
TClass::Init:0: RuntimeWarning: no dictionary for class HepMCEvent is available
TClass::Init:0: RuntimeWarning: no dictionary for class Event is available
TClass::Init:0: RuntimeWarning: no dictionary for class Weight is available
TClass::Init:0: RuntimeWarning: no dictionary for class GenParticle is available
TClass::Init:0: RuntimeWarning: no dictionary for class SortableObject is available
TClass::Init:0: RuntimeWarning: no dictionary for class Vertex is available
TClass::Init:0: RuntimeWarning: no dictionary for class Jet is available
TClass::Init:0: RuntimeWarning: no dictionary for class MissingET is available
TClass::Init:0: RuntimeWarning: no dictionary for class Photon is available
TClass::Init:0: RuntimeWarning: no dictionary for class Electron is available
TClass::Init:0: RuntimeWarning: no dictionary for class Muon is available
TClass::Init:0: RuntimeWarning: no dictionary for class Rho is available
TClass::Init:0: RuntimeWarning: no dictionary for class ScalarHT is available
TClass::Init:0: RuntimeWarning: no dictionary for class HepMCEvent is available
TClass::Init:0: RuntimeWarning: no dictionary for class Event is available
TClass::Init:0: RuntimeWarning: no dictionary for class Weight is available
TClass::Init:0: RuntimeWarning: no dictionary for class GenParticle is available
TClass::Init:0: RuntimeWarning: no dictionary for class SortableObject is available
TClass::Init:0: RuntimeWarning: no dictionary for class Vertex is available
TClass::Init:0: RuntimeWarning: no dictionary for class Jet is available
TClass::Init:0: RuntimeWarning: no dictionary for class MissingET is available
TClass::Init:0: RuntimeWarning: no dictionary for class Photon is available
TClass::Init:0: RuntimeWarning: no dictionary for class Electron is available
TClass::Init:0: RuntimeWarning: no dictionary for class Muon is available
TClass::Init:0: RuntimeWarning: no dictionary for class Rho is available
TClass::Init:0: RuntimeWarning: no dictionary for class ScalarHT is available
TClass::Init:0: RuntimeWarning: no dictionary for class HepMCEvent is available
TClass::Init:0: RuntimeWarning: no dictionary for class Event is available
TClass::Init:0: RuntimeWarning: no dictionary for class Weight is available
TClass::Init:0: RuntimeWarning: no dictionary for class GenParticle is available
TClass::Init:0: RuntimeWarning: no dictionary for class SortableObject is available
TClass::Init:0: RuntimeWarning: no dictionary for class Vertex is available
TClass::Init:0: RuntimeWarning: no dictionary for class Jet is available
TClass::Init:0: RuntimeWarning: no dictionary for class MissingET is available
TClass::Init:0: RuntimeWarning: no dictionary for class Photon is available
TClass::Init:0: RuntimeWarning: no dictionary for class Electron is available
TClass::Init:0: RuntimeWarning: no dictionary for class Muon is available
TClass::Init:0: RuntimeWarning: no dictionary for class Rho is available
TClass::Init:0: RuntimeWarning: no dictionary for class ScalarHT is available
TClass::Init:0: RuntimeWarning: no dictionary for class HepMCEvent is available
TClass::Init:0: RuntimeWarning: no dictionary for class Event is available
TClass::Init:0: RuntimeWarning: no dictionary for class Weight is available
TClass::Init:0: RuntimeWarning: no dictionary for class GenParticle is available
TClass::Init:0: RuntimeWarning: no dictionary for class SortableObject is available
TClass::Init:0: RuntimeWarning: no dictionary for class Vertex is available
TClass::Init:0: RuntimeWarning: no dictionary for class Jet is available
TClass::Init:0: RuntimeWarning: no dictionary for class MissingET is available
TClass::Init:0: RuntimeWarning: no dictionary for class Photon is available
TClass::Init:0: RuntimeWarning: no dictionary for class Electron is available
TClass::Init:0: RuntimeWarning: no dictionary for class Muon is available
TClass::Init:0: RuntimeWarning: no dictionary for class Rho is available
TClass::Init:0: RuntimeWarning: no dictionary for class ScalarHT is available
TClass::Init:0: RuntimeWarning: no dictionary for class HepMCEvent is available
TClass::Init:0: RuntimeWarning: no dictionary for class Event is available
TClass::Init:0: RuntimeWarning: no dictionary for class Weight is available
TClass::Init:0: RuntimeWarning: no dictionary for class GenParticle is available
TClass::Init:0: RuntimeWarning: no dictionary for class SortableObject is available
TClass::Init:0: RuntimeWarning: no dictionary for class Vertex is available
TClass::Init:0: RuntimeWarning: no dictionary for class Jet is available
TClass::Init:0: RuntimeWarning: no dictionary for class MissingET is available
TClass::Init:0: RuntimeWarning: no dictionary for class Photon is available
TClass::Init:0: RuntimeWarning: no dictionary for class Electron is available
TClass::Init:0: RuntimeWarning: no dictionary for class Muon is available
TClass::Init:0: RuntimeWarning: no dictionary for class Rho is available
TClass::Init:0: RuntimeWarning: no dictionary for class ScalarHT is available
TClass::Init:0: RuntimeWarning: no dictionary for class HepMCEvent is available
TClass::Init:0: RuntimeWarning: no dictionary for class Event is available
TClass::Init:0: RuntimeWarning: no dictionary for class Weight is available
TClass::Init:0: RuntimeWarning: no dictionary for class GenParticle is available
TClass::Init:0: RuntimeWarning: no dictionary for class SortableObject is available
TClass::Init:0: RuntimeWarning: no dictionary for class Vertex is available
TClass::Init:0: RuntimeWarning: no dictionary for class Jet is available
TClass::Init:0: RuntimeWarning: no dictionary for class MissingET is available
TClass::Init:0: RuntimeWarning: no dictionary for class Photon is available
TClass::Init:0: RuntimeWarning: no dictionary for class Electron is available
TClass::Init:0: RuntimeWarning: no dictionary for class Muon is available
TClass::Init:0: RuntimeWarning: no dictionary for class Rho is available
TClass::Init:0: RuntimeWarning: no dictionary for class ScalarHT is available
Error in <TChain::LoadTree>: Cannot find tree with name Delphes in file root://eoscms.cern.ch//store/group/upgrade/delphes_output/YR_Delphes/Delphes342pre14/VBFHToMuMu_M125_14TeV_powheg_pythia8_200PU/VBFHToMuMu_M125_14TeV_powheg_pythia8_39.root
TClass::Init:0: RuntimeWarning: no dictionary for class HepMCEvent is available
TClass::Init:0: RuntimeWarning: no dictionary for class Event is available
TClass::Init:0: RuntimeWarning: no dictionary for class Weight is available
TClass::Init:0: RuntimeWarning: no dictionary for class GenParticle is available
TClass::Init:0: RuntimeWarning: no dictionary for class SortableObject is available
TClass::Init:0: RuntimeWarning: no dictionary for class Vertex is available
TClass::Init:0: RuntimeWarning: no dictionary for class Jet is available
TClass::Init:0: RuntimeWarning: no dictionary for class MissingET is available
TClass::Init:0: RuntimeWarning: no dictionary for class Photon is available
TClass::Init:0: RuntimeWarning: no dictionary for class Electron is available
TClass::Init:0: RuntimeWarning: no dictionary for class Muon is available
TClass::Init:0: RuntimeWarning: no dictionary for class Rho is available
TClass::Init:0: RuntimeWarning: no dictionary for class ScalarHT is available
