Running sample: vbfHmm_powheg
Running dataset: root://eoscms.cern.ch//store/group/upgrade/delphes_output/YR_Delphes/Delphes342pre14/VBFHToMuMu_M125_14TeV_powheg_pythia8_200PU/VBFHToMuMu_M125_14TeV_powheg_pythia8_*0.root
Launch Snapshot
Finished dataset root://eoscms.cern.ch//store/group/upgrade/delphes_output/YR_Delphes/Delphes342pre14/VBFHToMuMu_M125_14TeV_powheg_pythia8_200PU/VBFHToMuMu_M125_14TeV_powheg_pythia8_*0.root
Finished sample vbfHmm_powheg
Running sample: vbfHmm_powheg
Running dataset: root://eoscms.cern.ch//store/group/upgrade/delphes_output/YR_Delphes/Delphes342pre14/VBFHToMuMu_M125_14TeV_powheg_pythia8_200PU/VBFHToMuMu_M125_14TeV_powheg_pythia8_*1.root
Launch Snapshot
Finished dataset root://eoscms.cern.ch//store/group/upgrade/delphes_output/YR_Delphes/Delphes342pre14/VBFHToMuMu_M125_14TeV_powheg_pythia8_200PU/VBFHToMuMu_M125_14TeV_powheg_pythia8_*1.root
Finished sample vbfHmm_powheg
Running sample: vbfHmm_powheg
Running dataset: root://eoscms.cern.ch//store/group/upgrade/delphes_output/YR_Delphes/Delphes342pre14/VBFHToMuMu_M125_14TeV_powheg_pythia8_200PU/VBFHToMuMu_M125_14TeV_powheg_pythia8_*2.root
Launch Snapshot
Finished dataset root://eoscms.cern.ch//store/group/upgrade/delphes_output/YR_Delphes/Delphes342pre14/VBFHToMuMu_M125_14TeV_powheg_pythia8_200PU/VBFHToMuMu_M125_14TeV_powheg_pythia8_*2.root
Finished sample vbfHmm_powheg
Running sample: vbfHmm_powheg
Running dataset: root://eoscms.cern.ch//store/group/upgrade/delphes_output/YR_Delphes/Delphes342pre14/VBFHToMuMu_M125_14TeV_powheg_pythia8_200PU/VBFHToMuMu_M125_14TeV_powheg_pythia8_*3.root
Launch Snapshot
Finished dataset root://eoscms.cern.ch//store/group/upgrade/delphes_output/YR_Delphes/Delphes342pre14/VBFHToMuMu_M125_14TeV_powheg_pythia8_200PU/VBFHToMuMu_M125_14TeV_powheg_pythia8_*3.root
Finished sample vbfHmm_powheg
Running sample: vbfHmm_powheg
Running dataset: root://eoscms.cern.ch//store/group/upgrade/delphes_output/YR_Delphes/Delphes342pre14/VBFHToMuMu_M125_14TeV_powheg_pythia8_200PU/VBFHToMuMu_M125_14TeV_powheg_pythia8_*4.root
Launch Snapshot
Finished dataset root://eoscms.cern.ch//store/group/upgrade/delphes_output/YR_Delphes/Delphes342pre14/VBFHToMuMu_M125_14TeV_powheg_pythia8_200PU/VBFHToMuMu_M125_14TeV_powheg_pythia8_*4.root
Finished sample vbfHmm_powheg
Running sample: vbfHmm_powheg
Running dataset: root://eoscms.cern.ch//store/group/upgrade/delphes_output/YR_Delphes/Delphes342pre14/VBFHToMuMu_M125_14TeV_powheg_pythia8_200PU/VBFHToMuMu_M125_14TeV_powheg_pythia8_*5.root
Launch Snapshot
Finished dataset root://eoscms.cern.ch//store/group/upgrade/delphes_output/YR_Delphes/Delphes342pre14/VBFHToMuMu_M125_14TeV_powheg_pythia8_200PU/VBFHToMuMu_M125_14TeV_powheg_pythia8_*5.root
Finished sample vbfHmm_powheg
Running sample: vbfHmm_powheg
Running dataset: root://eoscms.cern.ch//store/group/upgrade/delphes_output/YR_Delphes/Delphes342pre14/VBFHToMuMu_M125_14TeV_powheg_pythia8_200PU/VBFHToMuMu_M125_14TeV_powheg_pythia8_*6.root
Launch Snapshot
Finished dataset root://eoscms.cern.ch//store/group/upgrade/delphes_output/YR_Delphes/Delphes342pre14/VBFHToMuMu_M125_14TeV_powheg_pythia8_200PU/VBFHToMuMu_M125_14TeV_powheg_pythia8_*6.root
Finished sample vbfHmm_powheg
Running sample: vbfHmm_powheg
Running dataset: root://eoscms.cern.ch//store/group/upgrade/delphes_output/YR_Delphes/Delphes342pre14/VBFHToMuMu_M125_14TeV_powheg_pythia8_200PU/VBFHToMuMu_M125_14TeV_powheg_pythia8_*7.root
Launch Snapshot
Finished dataset root://eoscms.cern.ch//store/group/upgrade/delphes_output/YR_Delphes/Delphes342pre14/VBFHToMuMu_M125_14TeV_powheg_pythia8_200PU/VBFHToMuMu_M125_14TeV_powheg_pythia8_*7.root
Finished sample vbfHmm_powheg
Running sample: vbfHmm_powheg
Running dataset: root://eoscms.cern.ch//store/group/upgrade/delphes_output/YR_Delphes/Delphes342pre14/VBFHToMuMu_M125_14TeV_powheg_pythia8_200PU/VBFHToMuMu_M125_14TeV_powheg_pythia8_*8.root
Launch Snapshot
Finished dataset root://eoscms.cern.ch//store/group/upgrade/delphes_output/YR_Delphes/Delphes342pre14/VBFHToMuMu_M125_14TeV_powheg_pythia8_200PU/VBFHToMuMu_M125_14TeV_powheg_pythia8_*8.root
Finished sample vbfHmm_powheg
Running sample: vbfHmm_powheg
Running dataset: root://eoscms.cern.ch//store/group/upgrade/delphes_output/YR_Delphes/Delphes342pre14/VBFHToMuMu_M125_14TeV_powheg_pythia8_200PU/VBFHToMuMu_M125_14TeV_powheg_pythia8_*9.root
Launch Snapshot
Finished dataset root://eoscms.cern.ch//store/group/upgrade/delphes_output/YR_Delphes/Delphes342pre14/VBFHToMuMu_M125_14TeV_powheg_pythia8_200PU/VBFHToMuMu_M125_14TeV_powheg_pythia8_*9.root
Finished sample vbfHmm_powheg
