000 (5977133.000.000) 02/04 12:45:44 Job submitted from host: <188.184.90.62:9618?addrs=188.184.90.62-9618+[2001-1458-201-e4--100-238]-9618&alias=bigbird16.cern.ch&noUDP&sock=schedd_1804_f8f0_3>
...
000 (5977133.001.000) 02/04 12:45:44 Job submitted from host: <188.184.90.62:9618?addrs=188.184.90.62-9618+[2001-1458-201-e4--100-238]-9618&alias=bigbird16.cern.ch&noUDP&sock=schedd_1804_f8f0_3>
...
040 (5977133.001.000) 02/04 13:00:01 Started transferring input files
	Transferring to host: <188.184.207.120:9618?addrs=188.184.207.120-9618+[2001-1458-301-7d--100-28e]-9618&noUDP&sock=18212_c05e_163261>
...
040 (5977133.000.000) 02/04 13:00:01 Started transferring input files
	Transferring to host: <188.184.207.120:9618?addrs=188.184.207.120-9618+[2001-1458-301-7d--100-28e]-9618&noUDP&sock=18212_c05e_163262>
...
040 (5977133.001.000) 02/04 13:00:01 Finished transferring input files
...
040 (5977133.000.000) 02/04 13:00:01 Finished transferring input files
...
001 (5977133.001.000) 02/04 13:00:02 Job executing on host: <188.184.207.120:9618?addrs=188.184.207.120-9618+[2001-1458-301-7d--100-28e]-9618&noUDP&sock=2270_9c13_3>
...
001 (5977133.000.000) 02/04 13:00:02 Job executing on host: <188.184.207.120:9618?addrs=188.184.207.120-9618+[2001-1458-301-7d--100-28e]-9618&noUDP&sock=2270_9c13_3>
...
006 (5977133.000.000) 02/04 13:00:10 Image size of job updated: 21112
	17  -  MemoryUsage of job (MB)
	17104  -  ResidentSetSize of job (KB)
...
006 (5977133.001.000) 02/04 13:00:10 Image size of job updated: 25976
	17  -  MemoryUsage of job (MB)
	17152  -  ResidentSetSize of job (KB)
...
006 (5977133.001.000) 02/04 13:05:10 Image size of job updated: 331668
	324  -  MemoryUsage of job (MB)
	330944  -  ResidentSetSize of job (KB)
...
006 (5977133.000.000) 02/04 13:05:10 Image size of job updated: 424176
	268  -  MemoryUsage of job (MB)
	273632  -  ResidentSetSize of job (KB)
...
040 (5977133.000.000) 02/04 13:09:37 Started transferring output files
...
040 (5977133.000.000) 02/04 13:09:39 Finished transferring output files
...
005 (5977133.000.000) 02/04 13:09:40 Job terminated.
	(1) Normal termination (return value 0)
		Usr 0 00:05:32, Sys 0 00:00:17  -  Run Remote Usage
		Usr 0 00:00:00, Sys 0 00:00:00  -  Run Local Usage
		Usr 0 00:05:32, Sys 0 00:00:17  -  Total Remote Usage
		Usr 0 00:00:00, Sys 0 00:00:00  -  Total Local Usage
	11334191  -  Run Bytes Sent By Job
	1214  -  Run Bytes Received By Job
	11334191  -  Total Bytes Sent By Job
	1214  -  Total Bytes Received By Job
	Partitionable Resources :    Usage  Request Allocated 
	   Cpus                 :     0.56        1         1 
	   Disk (KB)            : 11091           3    213872 
	   Memory (MB)          :   268        2000      2000 
...
006 (5977133.001.000) 02/04 13:10:11 Image size of job updated: 331668
	324  -  MemoryUsage of job (MB)
	331128  -  ResidentSetSize of job (KB)
...
006 (5977133.001.000) 02/04 13:15:12 Image size of job updated: 482832
	324  -  MemoryUsage of job (MB)
	331128  -  ResidentSetSize of job (KB)
...
040 (5977133.001.000) 02/04 13:20:04 Started transferring output files
...
040 (5977133.001.000) 02/04 13:20:04 Finished transferring output files
...
009 (5977133.001.000) 02/04 13:20:04 Job was aborted by the user.
	Job removed by SYSTEM_PERIODIC_REMOVE due to wall time exceeded allowed max.
...
